[0.040s] Invoking command in '/home/peach/ros2_ws/src/orale_node/build/orale_node': CMAKE_PREFIX_PATH=${CMAKE_PREFIX_PATH}:/home/peach/ros2_ws/install/urdf_tutorial_r2d2:/home/peach/ros2_ws/install/urdf_robot:/home/peach/ros2_ws/install/p9n_bringup:/home/peach/ros2_ws/install/rqt_controller_manager:/home/peach/ros2_ws/install/rosboard:/home/peach/ros2_ws/install/ros2controlcli:/home/peach/ros2_ws/install/ros2_workshop:/home/peach/ros2_ws/install/lucia_slam_navigation:/home/peach/ros2_ws/src/urdf_tutorial_r2d2/install/urdf_tutorial_r2d2:/home/peach/ros2_ws/src/install/urdf_tutorial_r2d2:/home/peach/ros2_ws/src/install/urdf_robot:/home/peach/ros2_ws/src/install/ros2_workshop:/home/peach/ros2_ws/src/install/raspimouse_cartographer:/opt/ros/humble /usr/bin/cmake --build /home/peach/ros2_ws/src/orale_node/build/orale_node -- -j8 -l8
[0.156s] [35m[1mConsolidate compiler generated dependencies of target read_serial[0m
[0.215s] [ 50%] [32mBuilding CXX object CMakeFiles/read_serial.dir/src/read_serial.cpp.o[0m
[3.510s] [01m[K/home/peach/ros2_ws/src/orale_node/src/read_serial.cpp:[m[K In member function â€˜[01m[Kvoid SensorReader::timer_callback()[m[Kâ€™:
[3.510s] [01m[K/home/peach/ros2_ws/src/orale_node/src/read_serial.cpp:112:15:[m[K [01;31m[Kerror: [m[Kâ€˜[01m[Kserial_port[m[Kâ€™ was not declared in this scope; did you mean â€˜[01m[Kserial_port_[m[Kâ€™?
[3.510s]   112 |         ioctl([01;31m[Kserial_port[m[K, FIONREAD, &bytesWaiting);    //read data from serial
[3.510s]       |               [01;31m[K^~~~~~~~~~~[m[K
[3.511s]       |               [32m[Kserial_port_[m[K
[3.516s] [01m[K/home/peach/ros2_ws/src/orale_node/src/read_serial.cpp:112:39:[m[K [01;31m[Kerror: [m[Kâ€˜[01m[KbytesWaiting[m[Kâ€™ was not declared in this scope; did you mean â€˜[01m[Kbyteswaiting[m[Kâ€™?
[3.516s]   112 |         ioctl(serial_port, FIONREAD, &[01;31m[KbytesWaiting[m[K);    //read data from serial
[3.516s]       |                                       [01;31m[K^~~~~~~~~~~~[m[K
[3.517s]       |                                       [32m[Kbyteswaiting[m[K
[3.518s] [01m[K/home/peach/ros2_ws/src/orale_node/src/read_serial.cpp:116:33:[m[K [01;31m[Kerror: [m[Kâ€˜[01m[Kread_buf[m[Kâ€™ was not declared in this scope
[3.518s]   116 |                         memset(&[01;31m[Kread_buf[m[K, '\0', sizeof(read_buf));
[3.518s]       |                                 [01;31m[K^~~~~~~~[m[K
[3.525s] [01m[K/home/peach/ros2_ws/src/orale_node/src/read_serial.cpp:250:25:[m[K [01;31m[Kerror: [m[Kâ€˜[01m[Kkey[m[Kâ€™ was not declared in this scope
[3.525s]   250 |                         [01;31m[Kkey[m[K = waitKey(10);
[3.525s]       |                         [01;31m[K^~~[m[K
[4.765s] gmake[2]: *** [CMakeFiles/read_serial.dir/build.make:76: CMakeFiles/read_serial.dir/src/read_serial.cpp.o] Error 1
[4.765s] gmake[1]: *** [CMakeFiles/Makefile2:137: CMakeFiles/read_serial.dir/all] Error 2
[4.766s] gmake: *** [Makefile:146: all] Error 2
[4.770s] Invoked command in '/home/peach/ros2_ws/src/orale_node/build/orale_node' returned '2': CMAKE_PREFIX_PATH=${CMAKE_PREFIX_PATH}:/home/peach/ros2_ws/install/urdf_tutorial_r2d2:/home/peach/ros2_ws/install/urdf_robot:/home/peach/ros2_ws/install/p9n_bringup:/home/peach/ros2_ws/install/rqt_controller_manager:/home/peach/ros2_ws/install/rosboard:/home/peach/ros2_ws/install/ros2controlcli:/home/peach/ros2_ws/install/ros2_workshop:/home/peach/ros2_ws/install/lucia_slam_navigation:/home/peach/ros2_ws/src/urdf_tutorial_r2d2/install/urdf_tutorial_r2d2:/home/peach/ros2_ws/src/install/urdf_tutorial_r2d2:/home/peach/ros2_ws/src/install/urdf_robot:/home/peach/ros2_ws/src/install/ros2_workshop:/home/peach/ros2_ws/src/install/raspimouse_cartographer:/opt/ros/humble /usr/bin/cmake --build /home/peach/ros2_ws/src/orale_node/build/orale_node -- -j8 -l8
