-- Found ament_cmake: 1.3.11 (/opt/ros/humble/share/ament_cmake/cmake)
-- Found rclcpp: 16.0.11 (/opt/ros/humble/share/rclcpp/cmake)
-- Found rosidl_generator_c: 3.1.6 (/opt/ros/humble/share/rosidl_generator_c/cmake)
-- Found rosidl_adapter: 3.1.6 (/opt/ros/humble/share/rosidl_adapter/cmake)
-- Found rosidl_generator_cpp: 3.1.6 (/opt/ros/humble/share/rosidl_generator_cpp/cmake)
-- Using all available rosidl_typesupport_c: rosidl_typesupport_fastrtps_c;rosidl_typesupport_introspection_c
-- Using all available rosidl_typesupport_cpp: rosidl_typesupport_fastrtps_cpp;rosidl_typesupport_introspection_cpp
-- Found rmw_implementation_cmake: 6.1.2 (/opt/ros/humble/share/rmw_implementation_cmake/cmake)
-- Found rmw_fastrtps_cpp: 6.2.7 (/opt/ros/humble/share/rmw_fastrtps_cpp/cmake)
-- Using RMW implementation 'rmw_fastrtps_cpp' as default
-- Found geometry_msgs: 4.2.4 (/opt/ros/humble/share/geometry_msgs/cmake)
-- Configuring done
-- Generating done
-- Build files have been written to: /home/peach/ros2_ws/src/orale_node/build/orale_node
[35m[1mConsolidate compiler generated dependencies of target read_serial[0m
[ 50%] [32mBuilding CXX object CMakeFiles/read_serial.dir/src/read_serial.cpp.o[0m
[01m[K/home/peach/ros2_ws/src/orale_node/src/read_serial.cpp:33:5:[m[K [01;31m[Kerror: [m[Kexpected unqualified-id before â€˜[01m[K{[m[Kâ€™ token
   33 |     [01;31m[K{[m[K
      |     [01;31m[K^[m[K
[01m[K/home/peach/ros2_ws/src/orale_node/src/read_serial.cpp:[m[K In constructor â€˜[01m[KSensorReader::SensorReader()[m[Kâ€™:
[01m[K/home/peach/ros2_ws/src/orale_node/src/read_serial.cpp:31:22:[m[K [01;31m[Kerror: [m[Kclass â€˜[01m[KSensorReader[m[Kâ€™ does not have any field named â€˜[01m[Koneces_[m[Kâ€™
   31 |                      [01;31m[Koneces_[m[K(0)
      |                      [01;31m[K^~~~~~~[m[K
[01m[K/home/peach/ros2_ws/src/orale_node/src/read_serial.cpp:32:22:[m[K [01;31m[Kerror: [m[Kexpected â€˜[01m[K{[m[Kâ€™ before â€˜[01m[Ki[m[Kâ€™
   32 |                      [01;31m[Ki[m[K = 0;
      |                      [01;31m[K^[m[K
[01m[K/home/peach/ros2_ws/src/orale_node/src/read_serial.cpp:[m[K In member function â€˜[01m[Kvoid SensorReader::init_serial()[m[Kâ€™:
[01m[K/home/peach/ros2_ws/src/orale_node/src/read_serial.cpp:68:38:[m[K [01;31m[Kerror: [m[Kâ€˜[01m[Ktty[m[Kâ€™ was not declared in this scope
   68 |         if (tcgetattr(serial_port_, &[01;31m[Ktty[m[K) != 0) {
      |                                      [01;31m[K^~~[m[K
[01m[K/home/peach/ros2_ws/src/orale_node/src/read_serial.cpp:74:22:[m[K [01;31m[Kerror: [m[Kâ€˜[01m[Ktty[m[Kâ€™ was not declared in this scope
   74 |         cfsetospeed(&[01;31m[Ktty[m[K, B9600);
      |                      [01;31m[K^~~[m[K
[01m[K/home/peach/ros2_ws/src/orale_node/src/read_serial.cpp:[m[K In member function â€˜[01m[Kvoid SensorReader::timer_callback()[m[Kâ€™:
[01m[K/home/peach/ros2_ws/src/orale_node/src/read_serial.cpp:115:21:[m[K [01;35m[Kwarning: [m[KISO C++ forbids variable length array â€˜[01m[Kread_buf[m[Kâ€™ [[01;35m[K]8;;https://gcc.gnu.org/onlinedocs/gcc/Warning-Options.html#index-Wvla-Wvla]8;;[m[K]
  115 |             uint8_t [01;35m[Kread_buf[m[K[byteswaiting];
      |                     [01;35m[K^~~~~~~~[m[K
In file included from [01m[K/opt/ros/humble/include/rclcpp/rclcpp/logging.hpp:24[m[K,
                 from [01m[K/opt/ros/humble/include/rclcpp/rclcpp/client.hpp:40[m[K,
                 from [01m[K/opt/ros/humble/include/rclcpp/rclcpp/callback_group.hpp:24[m[K,
                 from [01m[K/opt/ros/humble/include/rclcpp/rclcpp/any_executable.hpp:20[m[K,
                 from [01m[K/opt/ros/humble/include/rclcpp/rclcpp/memory_strategy.hpp:25[m[K,
                 from [01m[K/opt/ros/humble/include/rclcpp/rclcpp/memory_strategies.hpp:18[m[K,
                 from [01m[K/opt/ros/humble/include/rclcpp/rclcpp/executor_options.hpp:20[m[K,
                 from [01m[K/opt/ros/humble/include/rclcpp/rclcpp/executor.hpp:37[m[K,
                 from [01m[K/opt/ros/humble/include/rclcpp/rclcpp/executors/multi_threaded_executor.hpp:25[m[K,
                 from [01m[K/opt/ros/humble/include/rclcpp/rclcpp/executors.hpp:21[m[K,
                 from [01m[K/opt/ros/humble/include/rclcpp/rclcpp/rclcpp.hpp:155[m[K,
                 from [01m[K/home/peach/ros2_ws/src/orale_node/src/read_serial.cpp:1[m[K:
[01m[K/home/peach/ros2_ws/src/orale_node/src/read_serial.cpp:120:45:[m[K [01;35m[Kwarning: [m[Kformat â€˜[01m[K%ld[m[Kâ€™ expects argument of type â€˜[01m[Klong int[m[Kâ€™, but argument 5 has type â€˜[01m[Kint[m[Kâ€™ [[01;35m[K]8;;https://gcc.gnu.org/onlinedocs/gcc/Warning-Options.html#index-Wformat=-Wformat=]8;;[m[K]
  120 |             RCLCPP_INFO(this->get_logger(), [01;35m[K"3r_bsz(%ld)"[m[K, [32m[Kread_buf[0][m[K);
      |                                             [01;35m[K^~~~~~~~~~~~~[m[K  [32m[K~~~~~~~~~~~[m[K
      |                                                                      [32m[K|[m[K
      |                                                                      [32m[Kint[m[K
[01m[K/home/peach/ros2_ws/src/orale_node/src/read_serial.cpp:120:55:[m[K [01;36m[Knote: [m[Kformat string is defined here
  120 |             RCLCPP_INFO(this->get_logger(), "3r_bsz([01;36m[K%ld[m[K)", read_buf[0]);
      |                                                     [01;36m[K~~^[m[K
      |                                                       [01;36m[K|[m[K
      |                                                       [01;36m[Klong int[m[K
      |                                                     [32m[K%d[m[K
In file included from [01m[K/opt/ros/humble/include/rclcpp/rclcpp/logging.hpp:24[m[K,
                 from [01m[K/opt/ros/humble/include/rclcpp/rclcpp/client.hpp:40[m[K,
                 from [01m[K/opt/ros/humble/include/rclcpp/rclcpp/callback_group.hpp:24[m[K,
                 from [01m[K/opt/ros/humble/include/rclcpp/rclcpp/any_executable.hpp:20[m[K,
                 from [01m[K/opt/ros/humble/include/rclcpp/rclcpp/memory_strategy.hpp:25[m[K,
                 from [01m[K/opt/ros/humble/include/rclcpp/rclcpp/memory_strategies.hpp:18[m[K,
                 from [01m[K/opt/ros/humble/include/rclcpp/rclcpp/executor_options.hpp:20[m[K,
                 from [01m[K/opt/ros/humble/include/rclcpp/rclcpp/executor.hpp:37[m[K,
                 from [01m[K/opt/ros/humble/include/rclcpp/rclcpp/executors/multi_threaded_executor.hpp:25[m[K,
                 from [01m[K/opt/ros/humble/include/rclcpp/rclcpp/executors.hpp:21[m[K,
                 from [01m[K/opt/ros/humble/include/rclcpp/rclcpp/rclcpp.hpp:155[m[K,
                 from [01m[K/home/peach/ros2_ws/src/orale_node/src/read_serial.cpp:1[m[K:
[01m[K/home/peach/ros2_ws/src/orale_node/src/read_serial.cpp:121:45:[m[K [01;35m[Kwarning: [m[Ktoo many arguments for format [[01;35m[K]8;;https://gcc.gnu.org/onlinedocs/gcc/Warning-Options.html#index-Wformat-extra-args-Wformat-extra-args]8;;[m[K]
  121 |             RCLCPP_INFO(this->get_logger(), [01;35m[K"6r_bBy:"[m[K, std::bitset<16>{read_buf[0]});
      |                                             [01;35m[K^~~~~~~~~[m[K
[01m[K/home/peach/ros2_ws/src/orale_node/src/read_serial.cpp:124:35:[m[K [01;31m[Kerror: [m[Kâ€˜[01m[Kread_nuf[m[Kâ€™ was not declared in this scope; did you mean â€˜[01m[Kread_buf[m[Kâ€™?
  124 |             for(i = 0; i < sizeof([01;31m[Kread_nuf[m[K); i++){
      |                                   [01;31m[K^~~~~~~~[m[K
      |                                   [32m[Kread_buf[m[K
[01m[K/home/peach/ros2_ws/src/orale_node/src/read_serial.cpp:125:152:[m[K [01;31m[Kerror: [m[Kexpected primary-expression before â€˜[01m[K)[m[Kâ€™ token
  125 | +2] == 0xff) && (read_buf[i+12] == 0xff) && (read_buf[i+13] == 0xff))[01;31m[K)[m[K{
      |                                                                      [01;31m[K^[m[K

[01m[K/home/peach/ros2_ws/src/orale_node/src/read_serial.cpp:150:32:[m[K [01;31m[Kerror: [m[Kâ€˜[01m[Kbset[m[Kâ€™ was not declared in this scope; did you mean â€˜[01m[Kbset1[m[Kâ€™?
  150 |             if(min1[0] == 0 && [01;31m[Kbset[m[K[0] != 0 && (bset1[0] - bset12[0]) >= 0) memcpy(&min1,&bset1,1);
      |                                [01;31m[K^~~~[m[K
      |                                [32m[Kbset1[m[K
[01m[K/home/peach/ros2_ws/src/orale_node/src/read_serial.cpp:151:32:[m[K [01;31m[Kerror: [m[Kâ€˜[01m[Kbset[m[Kâ€™ was not declared in this scope; did you mean â€˜[01m[Kbset1[m[Kâ€™?
  151 |             if(min2[0] == 0 && [01;31m[Kbset[m[K[0] != 0 && (bset2[0] - bset22[0]) >= 0) memcpy(&min2,&bset2,1);
      |                                [01;31m[K^~~~[m[K
      |                                [32m[Kbset1[m[K
[01m[K/home/peach/ros2_ws/src/orale_node/src/read_serial.cpp:152:32:[m[K [01;31m[Kerror: [m[Kâ€˜[01m[Kbset[m[Kâ€™ was not declared in this scope; did you mean â€˜[01m[Kbset1[m[Kâ€™?
  152 |             if(min3[0] == 0 && [01;31m[Kbset[m[K[0] != 0 && (bset3[0] - bset32[0]) >= 0) memcpy(&min3,&bset3,1);
      |                                [01;31m[K^~~~[m[K
      |                                [32m[Kbset1[m[K
[01m[K/home/peach/ros2_ws/src/orale_node/src/read_serial.cpp:153:32:[m[K [01;31m[Kerror: [m[Kâ€˜[01m[Kbset[m[Kâ€™ was not declared in this scope; did you mean â€˜[01m[Kbset1[m[Kâ€™?
  153 |             if(min4[0] == 0 && [01;31m[Kbset[m[K[0] != 0 && (bset4[0] - bset42[0]) >= 0) memcpy(&min4,&bset4,1);
      |                                [01;31m[K^~~~[m[K
      |                                [32m[Kbset1[m[K
[01m[K/home/peach/ros2_ws/src/orale_node/src/read_serial.cpp:154:32:[m[K [01;31m[Kerror: [m[Kâ€˜[01m[Kbset[m[Kâ€™ was not declared in this scope; did you mean â€˜[01m[Kbset1[m[Kâ€™?
  154 |             if(min5[0] == 0 && [01;31m[Kbset[m[K[0] != 0 && (bset5[0] - bset52[0]) >= 0) memcpy(&min5,&bset5,1);
      |                                [01;31m[K^~~~[m[K
      |                                [32m[Kbset1[m[K
[01m[K/home/peach/ros2_ws/src/orale_node/src/read_serial.cpp:157:17:[m[K [01;31m[Kerror: [m[Kâ€˜[01m[Koneces[m[Kâ€™ was not declared in this scope
  157 |                 [01;31m[Koneces[m[K++:
      |                 [01;31m[K^~~~~~[m[K
[01m[K/home/peach/ros2_ws/src/orale_node/src/read_serial.cpp:[m[K In member function â€˜[01m[Kvoid SensorReader::process_data(uint8_t*, int)[m[Kâ€™:
[01m[K/home/peach/ros2_ws/src/orale_node/src/read_serial.cpp:164:32:[m[K [01;35m[Kwarning: [m[Kunused parameter â€˜[01m[Kdata[m[Kâ€™ [[01;35m[K]8;;https://gcc.gnu.org/onlinedocs/gcc/Warning-Options.html#index-Wunused-parameter-Wunused-parameter]8;;[m[K]
  164 |     void process_data([01;35m[Kuint8_t* data[m[K, int size) {
      |                       [01;35m[K~~~~~~~~~^~~~[m[K
[01m[K/home/peach/ros2_ws/src/orale_node/src/read_serial.cpp:164:42:[m[K [01;35m[Kwarning: [m[Kunused parameter â€˜[01m[Ksize[m[Kâ€™ [[01;35m[K]8;;https://gcc.gnu.org/onlinedocs/gcc/Warning-Options.html#index-Wunused-parameter-Wunused-parameter]8;;[m[K]
  164 |     void process_data(uint8_t* data, [01;35m[Kint size[m[K) {
      |                                      [01;35m[K~~~~^~~~[m[K
gmake[2]: *** [CMakeFiles/read_serial.dir/build.make:76: CMakeFiles/read_serial.dir/src/read_serial.cpp.o] Error 1
gmake[1]: *** [CMakeFiles/Makefile2:137: CMakeFiles/read_serial.dir/all] Error 2
gmake: *** [Makefile:146: all] Error 2
