[0.040s] Invoking command in '/home/peach/ros2_ws/src/orale_node/build/orale_node': CMAKE_PREFIX_PATH=${CMAKE_PREFIX_PATH}:/home/peach/ros2_ws/install/urdf_tutorial_r2d2:/home/peach/ros2_ws/install/urdf_robot:/home/peach/ros2_ws/install/p9n_bringup:/home/peach/ros2_ws/install/rqt_controller_manager:/home/peach/ros2_ws/install/rosboard:/home/peach/ros2_ws/install/ros2controlcli:/home/peach/ros2_ws/install/ros2_workshop:/home/peach/ros2_ws/install/lucia_slam_navigation:/home/peach/ros2_ws/src/urdf_tutorial_r2d2/install/urdf_tutorial_r2d2:/home/peach/ros2_ws/src/install/urdf_tutorial_r2d2:/home/peach/ros2_ws/src/install/urdf_robot:/home/peach/ros2_ws/src/install/ros2_workshop:/home/peach/ros2_ws/src/install/raspimouse_cartographer:/opt/ros/humble /usr/bin/cmake --build /home/peach/ros2_ws/src/orale_node/build/orale_node -- -j8 -l8
[0.168s] [35m[1mConsolidate compiler generated dependencies of target read_serial[0m
[0.243s] [ 50%] [32mBuilding CXX object CMakeFiles/read_serial.dir/src/read_serial.cpp.o[0m
[3.599s] [01m[K/home/peach/ros2_ws/src/orale_node/src/read_serial.cpp:[m[K In member function â€˜[01m[Kvoid SensorReader::timer_callback()[m[Kâ€™:
[3.599s] [01m[K/home/peach/ros2_ws/src/orale_node/src/read_serial.cpp:112:40:[m[K [01;31m[Kerror: [m[Kâ€˜[01m[KbytesWaiting[m[Kâ€™ was not declared in this scope; did you mean â€˜[01m[Kbyteswaiting[m[Kâ€™?
[3.600s]   112 |         ioctl(serial_port_, FIONREAD, &[01;31m[KbytesWaiting[m[K);   //read data from serial
[3.600s]       |                                        [01;31m[K^~~~~~~~~~~~[m[K
[3.600s]       |                                        [32m[Kbyteswaiting[m[K
[3.610s] [01m[K/home/peach/ros2_ws/src/orale_node/src/read_serial.cpp:116:33:[m[K [01;31m[Kerror: [m[Kâ€˜[01m[Kread_buf[m[Kâ€™ was not declared in this scope
[3.610s]   116 |                         memset(&[01;31m[Kread_buf[m[K, '\0', sizeof(read_buf));
[3.611s]       |                                 [01;31m[K^~~~~~~~[m[K
[3.619s] [01m[K/home/peach/ros2_ws/src/orale_node/src/read_serial.cpp:250:25:[m[K [01;31m[Kerror: [m[Kâ€˜[01m[Kkey[m[Kâ€™ was not declared in this scope
[3.619s]   250 |                         [01;31m[Kkey[m[K = waitKey(10);
[3.619s]       |                         [01;31m[K^~~[m[K
[4.862s] gmake[2]: *** [CMakeFiles/read_serial.dir/build.make:76: CMakeFiles/read_serial.dir/src/read_serial.cpp.o] Error 1
[4.863s] gmake[1]: *** [CMakeFiles/Makefile2:137: CMakeFiles/read_serial.dir/all] Error 2
[4.864s] gmake: *** [Makefile:146: all] Error 2
[4.868s] Invoked command in '/home/peach/ros2_ws/src/orale_node/build/orale_node' returned '2': CMAKE_PREFIX_PATH=${CMAKE_PREFIX_PATH}:/home/peach/ros2_ws/install/urdf_tutorial_r2d2:/home/peach/ros2_ws/install/urdf_robot:/home/peach/ros2_ws/install/p9n_bringup:/home/peach/ros2_ws/install/rqt_controller_manager:/home/peach/ros2_ws/install/rosboard:/home/peach/ros2_ws/install/ros2controlcli:/home/peach/ros2_ws/install/ros2_workshop:/home/peach/ros2_ws/install/lucia_slam_navigation:/home/peach/ros2_ws/src/urdf_tutorial_r2d2/install/urdf_tutorial_r2d2:/home/peach/ros2_ws/src/install/urdf_tutorial_r2d2:/home/peach/ros2_ws/src/install/urdf_robot:/home/peach/ros2_ws/src/install/ros2_workshop:/home/peach/ros2_ws/src/install/raspimouse_cartographer:/opt/ros/humble /usr/bin/cmake --build /home/peach/ros2_ws/src/orale_node/build/orale_node -- -j8 -l8
