[35m[1mConsolidate compiler generated dependencies of target read_serial[0m
[ 50%] [32mBuilding CXX object CMakeFiles/read_serial.dir/src/read_serial.cpp.o[0m
[01m[K/home/peach/ros2_ws/src/orale_node/src/read_serial.cpp:33:5:[m[K [01;31m[Kerror: [m[Kexpected unqualified-id before â€˜[01m[K{[m[Kâ€™ token
   33 |     [01;31m[K{[m[K
      |     [01;31m[K^[m[K
[01m[K/home/peach/ros2_ws/src/orale_node/src/read_serial.cpp:[m[K In constructor â€˜[01m[KSensorReader::SensorReader()[m[Kâ€™:
[01m[K/home/peach/ros2_ws/src/orale_node/src/read_serial.cpp:31:22:[m[K [01;31m[Kerror: [m[Kclass â€˜[01m[KSensorReader[m[Kâ€™ does not have any field named â€˜[01m[Koneces_[m[Kâ€™
   31 |                      [01;31m[Koneces_[m[K(0)
      |                      [01;31m[K^~~~~~~[m[K
[01m[K/home/peach/ros2_ws/src/orale_node/src/read_serial.cpp:32:22:[m[K [01;31m[Kerror: [m[Kexpected â€˜[01m[K{[m[Kâ€™ before â€˜[01m[Ki[m[Kâ€™
   32 |                      [01;31m[Ki[m[K = 0;
      |                      [01;31m[K^[m[K
[01m[K/home/peach/ros2_ws/src/orale_node/src/read_serial.cpp:[m[K In member function â€˜[01m[Kvoid SensorReader::init_serial()[m[Kâ€™:
[01m[K/home/peach/ros2_ws/src/orale_node/src/read_serial.cpp:68:38:[m[K [01;31m[Kerror: [m[Kâ€˜[01m[Ktty[m[Kâ€™ was not declared in this scope
   68 |         if (tcgetattr(serial_port_, &[01;31m[Ktty[m[K) != 0) {
      |                                      [01;31m[K^~~[m[K
[01m[K/home/peach/ros2_ws/src/orale_node/src/read_serial.cpp:74:22:[m[K [01;31m[Kerror: [m[Kâ€˜[01m[Ktty[m[Kâ€™ was not declared in this scope
   74 |         cfsetospeed(&[01;31m[Ktty[m[K, B9600);
      |                      [01;31m[K^~~[m[K
[01m[K/home/peach/ros2_ws/src/orale_node/src/read_serial.cpp:[m[K In member function â€˜[01m[Kvoid SensorReader::timer_callback()[m[Kâ€™:
[01m[K/home/peach/ros2_ws/src/orale_node/src/read_serial.cpp:115:21:[m[K [01;35m[Kwarning: [m[KISO C++ forbids variable length array â€˜[01m[Kread_buf[m[Kâ€™ [[01;35m[K]8;;https://gcc.gnu.org/onlinedocs/gcc/Warning-Options.html#index-Wvla-Wvla]8;;[m[K]
  115 |             uint8_t [01;35m[Kread_buf[m[K[byteswaiting];
      |                     [01;35m[K^~~~~~~~[m[K
In file included from [01m[K/opt/ros/humble/include/rclcpp/rclcpp/logging.hpp:24[m[K,
                 from [01m[K/opt/ros/humble/include/rclcpp/rclcpp/client.hpp:40[m[K,
                 from [01m[K/opt/ros/humble/include/rclcpp/rclcpp/callback_group.hpp:24[m[K,
                 from [01m[K/opt/ros/humble/include/rclcpp/rclcpp/any_executable.hpp:20[m[K,
                 from [01m[K/opt/ros/humble/include/rclcpp/rclcpp/memory_strategy.hpp:25[m[K,
                 from [01m[K/opt/ros/humble/include/rclcpp/rclcpp/memory_strategies.hpp:18[m[K,
                 from [01m[K/opt/ros/humble/include/rclcpp/rclcpp/executor_options.hpp:20[m[K,
                 from [01m[K/opt/ros/humble/include/rclcpp/rclcpp/executor.hpp:37[m[K,
                 from [01m[K/opt/ros/humble/include/rclcpp/rclcpp/executors/multi_threaded_executor.hpp:25[m[K,
                 from [01m[K/opt/ros/humble/include/rclcpp/rclcpp/executors.hpp:21[m[K,
                 from [01m[K/opt/ros/humble/include/rclcpp/rclcpp/rclcpp.hpp:155[m[K,
                 from [01m[K/home/peach/ros2_ws/src/orale_node/src/read_serial.cpp:1[m[K:
[01m[K/home/peach/ros2_ws/src/orale_node/src/read_serial.cpp:120:45:[m[K [01;35m[Kwarning: [m[Kformat â€˜[01m[K%ld[m[Kâ€™ expects argument of type â€˜[01m[Klong int[m[Kâ€™, but argument 5 has type â€˜[01m[Kint[m[Kâ€™ [[01;35m[K]8;;https://gcc.gnu.org/onlinedocs/gcc/Warning-Options.html#index-Wformat=-Wformat=]8;;[m[K]
  120 |             RCLCPP_INFO(this->get_logger(), [01;35m[K"3r_bsz(%ld)"[m[K, [32m[Kread_buf[0][m[K);
      |                                             [01;35m[K^~~~~~~~~~~~~[m[K  [32m[K~~~~~~~~~~~[m[K
      |                                                                      [32m[K|[m[K
      |                                                                      [32m[Kint[m[K
[01m[K/home/peach/ros2_ws/src/orale_node/src/read_serial.cpp:120:55:[m[K [01;36m[Knote: [m[Kformat string is defined here
  120 |             RCLCPP_INFO(this->get_logger(), "3r_bsz([01;36m[K%ld[m[K)", read_buf[0]);
      |                                                     [01;36m[K~~^[m[K
      |                                                       [01;36m[K|[m[K
      |                                                       [01;36m[Klong int[m[K
      |                                                     [32m[K%d[m[K
In file included from [01m[K/opt/ros/humble/include/rclcpp/rclcpp/logging.hpp:24[m[K,
                 from [01m[K/opt/ros/humble/include/rclcpp/rclcpp/client.hpp:40[m[K,
                 from [01m[K/opt/ros/humble/include/rclcpp/rclcpp/callback_group.hpp:24[m[K,
                 from [01m[K/opt/ros/humble/include/rclcpp/rclcpp/any_executable.hpp:20[m[K,
                 from [01m[K/opt/ros/humble/include/rclcpp/rclcpp/memory_strategy.hpp:25[m[K,
                 from [01m[K/opt/ros/humble/include/rclcpp/rclcpp/memory_strategies.hpp:18[m[K,
                 from [01m[K/opt/ros/humble/include/rclcpp/rclcpp/executor_options.hpp:20[m[K,
                 from [01m[K/opt/ros/humble/include/rclcpp/rclcpp/executor.hpp:37[m[K,
                 from [01m[K/opt/ros/humble/include/rclcpp/rclcpp/executors/multi_threaded_executor.hpp:25[m[K,
                 from [01m[K/opt/ros/humble/include/rclcpp/rclcpp/executors.hpp:21[m[K,
                 from [01m[K/opt/ros/humble/include/rclcpp/rclcpp/rclcpp.hpp:155[m[K,
                 from [01m[K/home/peach/ros2_ws/src/orale_node/src/read_serial.cpp:1[m[K:
[01m[K/home/peach/ros2_ws/src/orale_node/src/read_serial.cpp:121:45:[m[K [01;35m[Kwarning: [m[Ktoo many arguments for format [[01;35m[K]8;;https://gcc.gnu.org/onlinedocs/gcc/Warning-Options.html#index-Wformat-extra-args-Wformat-extra-args]8;;[m[K]
  121 |             RCLCPP_INFO(this->get_logger(), [01;35m[K"6r_bBy:"[m[K, std::bitset<16>{read_buf[0]});
      |                                             [01;35m[K^~~~~~~~~[m[K
[01m[K/home/peach/ros2_ws/src/orale_node/src/read_serial.cpp:124:26:[m[K [01;35m[Kwarning: [m[Kcomparison of integer expressions of different signedness: â€˜[01m[Kint[m[Kâ€™ and â€˜[01m[Klong unsigned int[m[Kâ€™ [[01;35m[K]8;;https://gcc.gnu.org/onlinedocs/gcc/Warning-Options.html#index-Wsign-compare-Wsign-compare]8;;[m[K]
  124 |             for(i = 0; [01;35m[Ki < sizeof(read_buf)[m[K; i++){
      |                        [01;35m[K~~^~~~~~~~~~~~~~~~~~[m[K
[01m[K/home/peach/ros2_ws/src/orale_node/src/read_serial.cpp:157:25:[m[K [01;31m[Kerror: [m[Kexpected â€˜[01m[K;[m[Kâ€™ before â€˜[01m[K:[m[Kâ€™ token
  157 |                 oneces++[01;31m[K:[m[K
      |                         [01;31m[K^[m[K
[01m[K/home/peach/ros2_ws/src/orale_node/src/read_serial.cpp:[m[K In member function â€˜[01m[Kvoid SensorReader::process_data(uint8_t*, int)[m[Kâ€™:
[01m[K/home/peach/ros2_ws/src/orale_node/src/read_serial.cpp:164:32:[m[K [01;35m[Kwarning: [m[Kunused parameter â€˜[01m[Kdata[m[Kâ€™ [[01;35m[K]8;;https://gcc.gnu.org/onlinedocs/gcc/Warning-Options.html#index-Wunused-parameter-Wunused-parameter]8;;[m[K]
  164 |     void process_data([01;35m[Kuint8_t* data[m[K, int size) {
      |                       [01;35m[K~~~~~~~~~^~~~[m[K
[01m[K/home/peach/ros2_ws/src/orale_node/src/read_serial.cpp:164:42:[m[K [01;35m[Kwarning: [m[Kunused parameter â€˜[01m[Ksize[m[Kâ€™ [[01;35m[K]8;;https://gcc.gnu.org/onlinedocs/gcc/Warning-Options.html#index-Wunused-parameter-Wunused-parameter]8;;[m[K]
  164 |     void process_data(uint8_t* data, [01;35m[Kint size[m[K) {
      |                                      [01;35m[K~~~~^~~~[m[K
gmake[2]: *** [CMakeFiles/read_serial.dir/build.make:76: CMakeFiles/read_serial.dir/src/read_serial.cpp.o] Error 1
gmake[1]: *** [CMakeFiles/Makefile2:137: CMakeFiles/read_serial.dir/all] Error 2
gmake: *** [Makefile:146: all] Error 2
