[01m[K/home/peach/ros2_ws/src/orale_node/src/read_serial.cpp:[m[K In member function â€˜[01m[Kvoid SensorReader::timer_callback()[m[Kâ€™:
[01m[K/home/peach/ros2_ws/src/orale_node/src/read_serial.cpp:112:15:[m[K [01;31m[Kerror: [m[Kâ€˜[01m[Kserial_port[m[Kâ€™ was not declared in this scope; did you mean â€˜[01m[Kserial_port_[m[Kâ€™?
  112 |         ioctl([01;31m[Kserial_port[m[K, FIONREAD, &bytesWaiting);    //read data from serial
      |               [01;31m[K^~~~~~~~~~~[m[K
      |               [32m[Kserial_port_[m[K
[01m[K/home/peach/ros2_ws/src/orale_node/src/read_serial.cpp:112:39:[m[K [01;31m[Kerror: [m[Kâ€˜[01m[KbytesWaiting[m[Kâ€™ was not declared in this scope; did you mean â€˜[01m[Kbyteswaiting[m[Kâ€™?
  112 |         ioctl(serial_port, FIONREAD, &[01;31m[KbytesWaiting[m[K);    //read data from serial
      |                                       [01;31m[K^~~~~~~~~~~~[m[K
      |                                       [32m[Kbyteswaiting[m[K
[01m[K/home/peach/ros2_ws/src/orale_node/src/read_serial.cpp:116:33:[m[K [01;31m[Kerror: [m[Kâ€˜[01m[Kread_buf[m[Kâ€™ was not declared in this scope
  116 |                         memset(&[01;31m[Kread_buf[m[K, '\0', sizeof(read_buf));
      |                                 [01;31m[K^~~~~~~~[m[K
[01m[K/home/peach/ros2_ws/src/orale_node/src/read_serial.cpp:250:25:[m[K [01;31m[Kerror: [m[Kâ€˜[01m[Kkey[m[Kâ€™ was not declared in this scope
  250 |                         [01;31m[Kkey[m[K = waitKey(10);
      |                         [01;31m[K^~~[m[K
gmake[2]: *** [CMakeFiles/read_serial.dir/build.make:76: CMakeFiles/read_serial.dir/src/read_serial.cpp.o] Error 1
gmake[1]: *** [CMakeFiles/Makefile2:137: CMakeFiles/read_serial.dir/all] Error 2
gmake: *** [Makefile:146: all] Error 2
